c:\users\jon phipps\desktop\assignment1\assignment1\debug\vc142.pdb
c:\users\jon phipps\desktop\assignment1\assignment1\debug\vc142.idb
c:\users\jon phipps\desktop\assignment1\assignment1\debug\shapeworld.obj
c:\users\jon phipps\desktop\assignment1\assignment1\debug\shapegenerator.obj
c:\users\jon phipps\desktop\assignment1\assignment1\debug\shapedemo.obj
c:\users\jon phipps\desktop\assignment1\assignment1\debug\shape.obj
c:\users\jon phipps\desktop\assignment1\assignment1\debug\quadtree.obj
c:\users\jon phipps\desktop\assignment1\assignment1\debug\main.obj
c:\users\jon phipps\desktop\assignment1\assignment1\debug\convexpolygon.obj
c:\users\jon phipps\desktop\assignment1\assignment1\debug\collisionresolver.obj
c:\users\jon phipps\desktop\assignment1\assignment1\debug\collisiondetector.obj
c:\users\jon phipps\desktop\assignment1\assignment1\debug\collisiondetail.obj
c:\users\jon phipps\desktop\assignment1\assignment1\debug\circle.obj
c:\users\jon phipps\desktop\assignment1\assignment1\debug\border.obj
c:\users\jon phipps\desktop\assignment1\assignment1\debug\application.obj
c:\users\jon phipps\desktop\14729831\assignment1\assignment1\debug\vc142.pdb
c:\users\jon phipps\desktop\14729831\assignment1\assignment1\debug\vc142.idb
c:\users\jon phipps\desktop\14729831\assignment1\assignment1\debug\shape.obj
c:\users\jon phipps\desktop\14729831\assignment1\assignment1\debug\border.obj
c:\users\jon phipps\desktop\14729831\assignment1\assignment1\debug\shapeworld.obj
c:\users\jon phipps\desktop\14729831\assignment1\assignment1\debug\shapegenerator.obj
c:\users\jon phipps\desktop\14729831\assignment1\assignment1\debug\shapedemo.obj
c:\users\jon phipps\desktop\14729831\assignment1\assignment1\debug\quadtree.obj
c:\users\jon phipps\desktop\14729831\assignment1\assignment1\debug\collisiondetail.obj
c:\users\jon phipps\desktop\14729831\assignment1\assignment1\debug\convexpolygon.obj
c:\users\jon phipps\desktop\14729831\assignment1\assignment1\debug\main.obj
c:\users\jon phipps\desktop\14729831\assignment1\assignment1\debug\collisionresolver.obj
c:\users\jon phipps\desktop\14729831\assignment1\assignment1\debug\collisiondetector.obj
c:\users\jon phipps\desktop\14729831\assignment1\assignment1\debug\circle.obj
c:\users\jon phipps\desktop\14729831\assignment1\assignment1\debug\application.obj
c:\users\jon phipps\desktop\assignment1\assignment1\debug\14729831.exe
c:\users\jon phipps\desktop\assignment1\assignment1\debug\14729831.ilk
c:\users\jon phipps\desktop\assignment1\assignment1\debug\14729831.pdb
c:\users\jon phipps\desktop\14729831\assignment1\assignment1\debug\14729831.ilk
c:\users\jon phipps\desktop\14729831\assignment1\assignment1\debug\14729831.exe
c:\users\jon phipps\desktop\14729831\assignment1\assignment1\debug\14729831.pdb
c:\users\jon phipps\desktop\14729831\assignment1\assignment1\debug\..\debug\14729831.pdb
c:\users\jon phipps\desktop\14729831\assignment1\assignment1\14729831\..\debug\14729831.exe
c:\users\jon phipps\desktop\14729831\assignment1\assignment1\debug\..\debug\14729831.ilk
c:\users\jon phipps\desktop\14729831\assignment1\assignment1\debug\14729831.tlog\cl.command.1.tlog
c:\users\jon phipps\desktop\14729831\assignment1\assignment1\debug\14729831.tlog\cl.read.1.tlog
c:\users\jon phipps\desktop\14729831\assignment1\assignment1\debug\14729831.tlog\cl.write.1.tlog
c:\users\jon phipps\desktop\14729831\assignment1\assignment1\debug\14729831.tlog\link.command.1.tlog
c:\users\jon phipps\desktop\14729831\assignment1\assignment1\debug\14729831.tlog\link.read.1.tlog
c:\users\jon phipps\desktop\14729831\assignment1\assignment1\debug\14729831.tlog\link.write.1.tlog
